2022-12-22 08:26:08,713	nyarumul	INFO	{'train': {'log_interval': 200, 'eval_interval': 2000, 'seed': 1234, 'epochs': 10000, 'learning_rate': 0.0002, 'betas': [0.8, 0.99], 'eps': 1e-09, 'batch_size': 12, 'fp16_run': True, 'lr_decay': 0.999875, 'segment_size': 8192, 'init_lr_ratio': 1, 'warmup_epochs': 0, 'c_mel': 45, 'c_kl': 1.0}, 'data': {'training_files': '/content/sovits_f0_train/filelist/train.txt', 'validation_files': '/content/sovits_f0_train/filelist/val.txt', 'text_cleaners': ['english_cleaners2'], 'max_wav_value': 32768.0, 'sampling_rate': 22050, 'filter_length': 1024, 'hop_length': 256, 'win_length': 1024, 'n_mel_channels': 80, 'mel_fmin': 0.0, 'mel_fmax': None, 'add_blank': True, 'n_speakers': 8, 'cleaned_text': True}, 'model': {'inter_channels': 192, 'hidden_channels': 256, 'filter_channels': 768, 'n_heads': 2, 'n_layers': 6, 'kernel_size': 3, 'p_dropout': 0.1, 'resblock': '1', 'resblock_kernel_sizes': [3, 7, 11], 'resblock_dilation_sizes': [[1, 3, 5], [1, 3, 5], [1, 3, 5]], 'upsample_rates': [8, 8, 2, 2], 'upsample_initial_channel': 512, 'upsample_kernel_sizes': [16, 16, 4, 4], 'n_layers_q': 3, 'use_spectral_norm': False, 'gin_channels': 256}, 'speakers': ['nyaru', 'taffy', 'yunhao', 'jishuang', 'yilanqiu', 'opencpop'], 'model_dir': '/content/drive/MyDrive/nyarumul'}
2022-12-22 08:26:18,964	nyarumul	INFO	Loaded checkpoint '/content/drive/MyDrive/nyarumul/G_50000.pth' (iteration 115)
2022-12-22 08:26:20,091	nyarumul	INFO	Loaded checkpoint '/content/drive/MyDrive/nyarumul/D_50000.pth' (iteration 115)
2022-12-22 08:28:27,049	nyarumul	INFO	====> Epoch: 115
2022-12-22 08:29:13,589	nyarumul	INFO	Train Epoch: 116 [38%]
2022-12-22 08:29:13,589	nyarumul	INFO	[2.4095306396484375, 2.7591848373413086, 5.68488883972168, 24.201393127441406, 0.9802260398864746, 1.4543485641479492, 6000, 0.00019709610499769482]
2022-12-22 08:29:46,381	nyarumul	INFO	Saving model and optimizer state at iteration 116 to /content/drive/MyDrive/nyarumul/G_6000.pth
2022-12-22 08:29:49,136	nyarumul	INFO	Saving model and optimizer state at iteration 116 to /content/drive/MyDrive/nyarumul/D_6000.pth
2022-12-22 08:30:37,472	nyarumul	INFO	====> Epoch: 116
2022-12-22 08:31:58,828	nyarumul	INFO	====> Epoch: 117
2022-12-22 08:33:17,441	nyarumul	INFO	====> Epoch: 118
2022-12-22 08:34:35,486	nyarumul	INFO	====> Epoch: 119
2022-12-22 08:35:07,826	nyarumul	INFO	Train Epoch: 120 [23%]
2022-12-22 08:35:07,826	nyarumul	INFO	[2.323638439178467, 2.7603652477264404, 5.669470310211182, 23.009605407714844, 0.9828020334243774, 1.2268012762069702, 6200, 0.000196997575421416]
2022-12-22 08:35:53,229	nyarumul	INFO	====> Epoch: 120
2022-12-22 08:37:08,196	nyarumul	INFO	====> Epoch: 121
2022-12-22 08:38:27,633	nyarumul	INFO	====> Epoch: 122
2022-12-22 08:39:42,849	nyarumul	INFO	====> Epoch: 123
2022-12-22 08:40:07,096	nyarumul	INFO	Train Epoch: 124 [8%]
2022-12-22 08:40:07,096	nyarumul	INFO	[2.3462369441986084, 2.3905296325683594, 5.5665717124938965, 22.279281616210938, 0.976904034614563, 1.0590636730194092, 6400, 0.000196899095100689]
2022-12-22 08:40:59,421	nyarumul	INFO	====> Epoch: 124
2022-12-22 08:42:12,992	nyarumul	INFO	====> Epoch: 125
2022-12-22 08:43:28,546	nyarumul	INFO	====> Epoch: 126
2022-12-22 08:44:37,285	nyarumul	INFO	Train Epoch: 127 [92%]
2022-12-22 08:44:37,286	nyarumul	INFO	[2.3316807746887207, 2.2830586433410645, 5.99098014831543, 23.21256446838379, 0.9805377125740051, 1.3546123504638672, 6600, 0.00019682526716928672]
2022-12-22 08:44:43,475	nyarumul	INFO	====> Epoch: 127
2022-12-22 08:46:00,949	nyarumul	INFO	====> Epoch: 128
2022-12-22 08:47:14,237	nyarumul	INFO	====> Epoch: 129
2022-12-22 08:48:29,730	nyarumul	INFO	====> Epoch: 130
2022-12-22 08:49:30,583	nyarumul	INFO	Train Epoch: 131 [77%]
2022-12-22 08:49:30,584	nyarumul	INFO	[2.2773125171661377, 2.8945693969726562, 6.169020652770996, 22.30779457092285, 0.9839090704917908, 1.2319650650024414, 6800, 0.00019672687298653317]
2022-12-22 08:49:45,901	nyarumul	INFO	====> Epoch: 131
2022-12-22 08:51:00,346	nyarumul	INFO	====> Epoch: 132
2022-12-22 08:52:14,920	nyarumul	INFO	====> Epoch: 133
2022-12-22 08:53:29,691	nyarumul	INFO	====> Epoch: 134
2022-12-22 08:54:23,245	nyarumul	INFO	Train Epoch: 135 [62%]
2022-12-22 08:54:23,246	nyarumul	INFO	[2.2589945793151855, 2.47735595703125, 5.900629043579102, 21.487873077392578, 0.9942168593406677, 1.0044593811035156, 7000, 0.00019662852799164733]
2022-12-22 08:54:45,039	nyarumul	INFO	====> Epoch: 135
2022-12-22 08:55:58,972	nyarumul	INFO	====> Epoch: 136
2022-12-22 08:57:14,297	nyarumul	INFO	====> Epoch: 137
2022-12-22 08:58:31,851	nyarumul	INFO	====> Epoch: 138
2022-12-22 08:59:17,284	nyarumul	INFO	Train Epoch: 139 [46%]
2022-12-22 08:59:17,285	nyarumul	INFO	[2.2952630519866943, 2.652669906616211, 6.228577136993408, 21.532577514648438, 0.978451132774353, 1.2680788040161133, 7200, 0.00019653023216003985]
2022-12-22 08:59:48,279	nyarumul	INFO	====> Epoch: 139
2022-12-22 09:01:03,181	nyarumul	INFO	====> Epoch: 140
2022-12-22 09:02:16,421	nyarumul	INFO	====> Epoch: 141
2022-12-22 09:03:29,483	nyarumul	INFO	====> Epoch: 142
2022-12-22 09:04:04,926	nyarumul	INFO	Train Epoch: 143 [31%]
2022-12-22 09:04:04,926	nyarumul	INFO	[2.3284337520599365, 2.3735342025756836, 6.483116149902344, 21.52447509765625, 0.9701563715934753, 1.0637047290802002, 7400, 0.0001964319854671337]
2022-12-22 09:04:44,645	nyarumul	INFO	====> Epoch: 143
2022-12-22 09:05:58,444	nyarumul	INFO	====> Epoch: 144
2022-12-22 09:07:12,692	nyarumul	INFO	====> Epoch: 145
2022-12-22 09:08:29,476	nyarumul	INFO	====> Epoch: 146
2022-12-22 09:08:57,425	nyarumul	INFO	Train Epoch: 147 [15%]
2022-12-22 09:08:57,425	nyarumul	INFO	[2.377873420715332, 2.6943986415863037, 5.430906295776367, 21.09943389892578, 0.9676008224487305, 0.7898125648498535, 7600, 0.00019633378788836418]
2022-12-22 09:09:44,399	nyarumul	INFO	====> Epoch: 147
2022-12-22 09:10:58,182	nyarumul	INFO	====> Epoch: 148
2022-12-22 09:12:12,723	nyarumul	INFO	====> Epoch: 149
2022-12-22 09:13:27,217	nyarumul	INFO	====> Epoch: 150
2022-12-22 09:13:46,648	nyarumul	INFO	Train Epoch: 151 [0%]
2022-12-22 09:13:46,649	nyarumul	INFO	[2.425617218017578, 2.4827001094818115, 6.0699238777160645, 21.835975646972656, 0.9738023281097412, 0.8148255944252014, 7800, 0.00019623563939917877]
2022-12-22 09:14:42,167	nyarumul	INFO	====> Epoch: 151
2022-12-22 09:15:55,388	nyarumul	INFO	====> Epoch: 152
2022-12-22 09:17:11,577	nyarumul	INFO	====> Epoch: 153
2022-12-23 05:25:40,570	nyarumul	INFO	{'train': {'log_interval': 200, 'eval_interval': 2000, 'seed': 1234, 'epochs': 10000, 'learning_rate': 0.0002, 'betas': [0.8, 0.99], 'eps': 1e-09, 'batch_size': 12, 'fp16_run': True, 'lr_decay': 0.999875, 'segment_size': 8192, 'init_lr_ratio': 1, 'warmup_epochs': 0, 'c_mel': 45, 'c_kl': 1.0}, 'data': {'training_files': '/content/sovits_f0_train/filelist/train.txt', 'validation_files': '/content/sovits_f0_train/filelist/val.txt', 'text_cleaners': ['english_cleaners2'], 'max_wav_value': 32768.0, 'sampling_rate': 22050, 'filter_length': 1024, 'hop_length': 256, 'win_length': 1024, 'n_mel_channels': 80, 'mel_fmin': 0.0, 'mel_fmax': None, 'add_blank': True, 'n_speakers': 8, 'cleaned_text': True}, 'model': {'inter_channels': 192, 'hidden_channels': 256, 'filter_channels': 768, 'n_heads': 2, 'n_layers': 6, 'kernel_size': 3, 'p_dropout': 0.1, 'resblock': '1', 'resblock_kernel_sizes': [3, 7, 11], 'resblock_dilation_sizes': [[1, 3, 5], [1, 3, 5], [1, 3, 5]], 'upsample_rates': [8, 8, 2, 2], 'upsample_initial_channel': 512, 'upsample_kernel_sizes': [16, 16, 4, 4], 'n_layers_q': 3, 'use_spectral_norm': False, 'gin_channels': 256}, 'speakers': ['nyaru', 'taffy', 'yunhao', 'jishuang', 'yilanqiu', 'opencpop'], 'model_dir': '/content/drive/MyDrive/nyarumul'}
2022-12-23 05:25:51,310	nyarumul	INFO	Loaded checkpoint '/content/drive/MyDrive/nyarumul/G_50000.pth' (iteration 115)
2022-12-23 05:25:52,431	nyarumul	INFO	Loaded checkpoint '/content/drive/MyDrive/nyarumul/D_50000.pth' (iteration 115)
2022-12-23 05:27:56,323	nyarumul	INFO	====> Epoch: 115
2022-12-23 05:28:42,412	nyarumul	INFO	Train Epoch: 116 [38%]
2022-12-23 05:28:42,413	nyarumul	INFO	[2.495551109313965, 2.802238702774048, 5.466770648956299, 24.02486801147461, 0.9862930774688721, 1.4642456769943237, 6000, 0.00019709610499769482]
2022-12-23 05:29:13,553	nyarumul	INFO	Saving model and optimizer state at iteration 116 to /content/drive/MyDrive/nyarumul/G_6000.pth
2022-12-23 05:29:26,300	nyarumul	INFO	Saving model and optimizer state at iteration 116 to /content/drive/MyDrive/nyarumul/D_6000.pth
2022-12-23 05:30:21,946	nyarumul	INFO	====> Epoch: 116
2022-12-23 05:31:39,895	nyarumul	INFO	====> Epoch: 117
2022-12-23 05:32:58,870	nyarumul	INFO	====> Epoch: 118
2022-12-23 05:34:16,735	nyarumul	INFO	====> Epoch: 119
2022-12-23 05:34:47,495	nyarumul	INFO	Train Epoch: 120 [23%]
2022-12-23 05:34:47,496	nyarumul	INFO	[2.3815882205963135, 2.481841802597046, 5.575448989868164, 22.75438117980957, 0.9875583052635193, 1.258929967880249, 6200, 0.000196997575421416]
2022-12-23 05:35:31,931	nyarumul	INFO	====> Epoch: 120
2022-12-23 05:36:45,694	nyarumul	INFO	====> Epoch: 121
2022-12-23 05:38:01,192	nyarumul	INFO	====> Epoch: 122
2022-12-23 05:39:16,612	nyarumul	INFO	====> Epoch: 123
2022-12-23 05:39:40,750	nyarumul	INFO	Train Epoch: 124 [8%]
2022-12-23 05:39:40,751	nyarumul	INFO	[2.4250855445861816, 2.4122211933135986, 5.3367791175842285, 21.933704376220703, 0.9851915836334229, 1.0683609247207642, 6400, 0.000196899095100689]
2022-12-23 05:40:32,071	nyarumul	INFO	====> Epoch: 124
2022-12-23 05:41:45,636	nyarumul	INFO	====> Epoch: 125
2022-12-23 05:43:00,797	nyarumul	INFO	====> Epoch: 126
2022-12-23 05:44:07,932	nyarumul	INFO	Train Epoch: 127 [92%]
2022-12-23 05:44:07,933	nyarumul	INFO	[2.363593339920044, 2.2735323905944824, 6.042181015014648, 22.980817794799805, 0.9699896574020386, 1.348737120628357, 6600, 0.00019682526716928672]
2022-12-23 05:44:14,100	nyarumul	INFO	====> Epoch: 127
2022-12-23 05:45:32,351	nyarumul	INFO	====> Epoch: 128
2022-12-23 05:46:45,216	nyarumul	INFO	====> Epoch: 129
2022-12-23 05:47:58,397	nyarumul	INFO	====> Epoch: 130
2022-12-23 05:48:58,191	nyarumul	INFO	Train Epoch: 131 [77%]
2022-12-23 05:48:58,191	nyarumul	INFO	[2.4136464595794678, 2.7542576789855957, 5.910564422607422, 22.818574905395508, 0.9843623042106628, 1.2184420824050903, 6800, 0.00019672687298653317]
2022-12-23 05:49:13,310	nyarumul	INFO	====> Epoch: 131
2022-12-23 05:50:26,458	nyarumul	INFO	====> Epoch: 132
2022-12-23 05:51:39,916	nyarumul	INFO	====> Epoch: 133
2022-12-23 05:52:53,869	nyarumul	INFO	====> Epoch: 134
2022-12-23 05:53:47,312	nyarumul	INFO	Train Epoch: 135 [62%]
2022-12-23 05:53:47,313	nyarumul	INFO	[2.2644546031951904, 2.544010877609253, 6.04849910736084, 21.37356185913086, 0.9994379281997681, 1.032651662826538, 7000, 0.00019662852799164733]
2022-12-23 05:54:08,793	nyarumul	INFO	====> Epoch: 135
2022-12-23 05:55:21,579	nyarumul	INFO	====> Epoch: 136
2022-12-23 05:56:36,318	nyarumul	INFO	====> Epoch: 137
2022-12-23 05:57:50,651	nyarumul	INFO	====> Epoch: 138
2022-12-23 05:58:35,259	nyarumul	INFO	Train Epoch: 139 [46%]
2022-12-23 05:58:35,260	nyarumul	INFO	[2.4836342334747314, 2.5862395763397217, 5.926917552947998, 22.306697845458984, 0.9788397550582886, 1.291100025177002, 7200, 0.00019653023216003985]
2022-12-23 05:59:06,609	nyarumul	INFO	====> Epoch: 139
2022-12-23 06:00:19,644	nyarumul	INFO	====> Epoch: 140
2022-12-23 06:01:32,372	nyarumul	INFO	====> Epoch: 141
2022-12-23 06:02:46,542	nyarumul	INFO	====> Epoch: 142
2022-12-23 06:03:21,318	nyarumul	INFO	Train Epoch: 143 [31%]
2022-12-23 06:03:21,319	nyarumul	INFO	[2.3236732482910156, 2.561736822128296, 6.302432060241699, 21.4198055267334, 0.9744361639022827, 1.0648993253707886, 7400, 0.0001964319854671337]
2022-12-23 06:03:59,675	nyarumul	INFO	====> Epoch: 143
2022-12-23 06:05:13,520	nyarumul	INFO	====> Epoch: 144
2022-12-23 06:06:26,487	nyarumul	INFO	====> Epoch: 145
2022-12-23 06:07:40,499	nyarumul	INFO	====> Epoch: 146
2022-12-23 06:08:07,928	nyarumul	INFO	Train Epoch: 147 [15%]
2022-12-23 06:08:07,929	nyarumul	INFO	[2.301229238510132, 2.8091962337493896, 5.657629489898682, 20.77059555053711, 0.9697798490524292, 0.8088836669921875, 7600, 0.00019633378788836418]
2022-12-23 06:08:54,156	nyarumul	INFO	====> Epoch: 147
2022-12-23 06:10:06,182	nyarumul	INFO	====> Epoch: 148
2022-12-23 06:11:21,436	nyarumul	INFO	====> Epoch: 149
2022-12-23 06:12:34,733	nyarumul	INFO	====> Epoch: 150
2022-12-23 06:12:53,839	nyarumul	INFO	Train Epoch: 151 [0%]
2022-12-23 06:12:53,840	nyarumul	INFO	[2.292250633239746, 2.3698055744171143, 5.891592025756836, 21.550668716430664, 0.9836559295654297, 0.8147531747817993, 7800, 0.00019623563939917877]
2022-12-23 06:13:48,841	nyarumul	INFO	====> Epoch: 151
2022-12-23 06:15:01,525	nyarumul	INFO	====> Epoch: 152
2022-12-23 06:16:18,293	nyarumul	INFO	====> Epoch: 153
2022-12-23 06:17:22,662	nyarumul	INFO	Train Epoch: 154 [85%]
2022-12-23 06:17:22,662	nyarumul	INFO	[2.216507911682129, 2.8491809368133545, 5.885956287384033, 20.944211959838867, 0.9804449677467346, 1.0536987781524658, 8000, 0.00019616206023256638]
2022-12-23 06:17:44,842	nyarumul	INFO	Saving model and optimizer state at iteration 154 to /content/drive/MyDrive/nyarumul/G_8000.pth
2022-12-23 06:17:47,764	nyarumul	INFO	Saving model and optimizer state at iteration 154 to /content/drive/MyDrive/nyarumul/D_8000.pth
2022-12-23 06:18:01,437	nyarumul	INFO	====> Epoch: 154
2022-12-23 06:19:19,236	nyarumul	INFO	====> Epoch: 155
2022-12-23 06:20:32,108	nyarumul	INFO	====> Epoch: 156
2022-12-23 06:21:44,939	nyarumul	INFO	====> Epoch: 157
2022-12-23 06:22:40,146	nyarumul	INFO	Train Epoch: 158 [69%]
2022-12-23 06:22:40,147	nyarumul	INFO	[2.0574331283569336, 2.5674283504486084, 6.133528232574463, 21.120176315307617, 0.9719436168670654, 0.8670077323913574, 8200, 0.00019606399759111075]
2022-12-23 06:22:58,753	nyarumul	INFO	====> Epoch: 158
2022-12-23 06:24:11,137	nyarumul	INFO	====> Epoch: 159
2022-12-23 06:25:24,204	nyarumul	INFO	====> Epoch: 160
2022-12-23 06:26:36,366	nyarumul	INFO	====> Epoch: 161
2022-12-23 06:27:23,377	nyarumul	INFO	Train Epoch: 162 [54%]
2022-12-23 06:27:23,378	nyarumul	INFO	[2.009340763092041, 3.2167656421661377, 7.3877034187316895, 21.781770706176758, 0.9888289570808411, 0.8294666409492493, 8400, 0.00019596598397178324]
2022-12-23 06:27:49,266	nyarumul	INFO	====> Epoch: 162
2022-12-23 06:29:03,409	nyarumul	INFO	====> Epoch: 163
2022-12-23 06:30:15,630	nyarumul	INFO	====> Epoch: 164
2022-12-23 06:31:29,072	nyarumul	INFO	====> Epoch: 165
2022-12-23 06:32:07,622	nyarumul	INFO	Train Epoch: 166 [38%]
2022-12-23 06:32:07,622	nyarumul	INFO	[2.360123634338379, 2.5857045650482178, 6.054677963256836, 21.195510864257812, 0.9705826640129089, 1.1726806163787842, 8600, 0.0001958680193500774]
2022-12-23 06:32:42,964	nyarumul	INFO	====> Epoch: 166
2022-12-23 06:33:55,509	nyarumul	INFO	====> Epoch: 167
2022-12-23 06:35:10,055	nyarumul	INFO	====> Epoch: 168
2022-12-23 06:36:23,006	nyarumul	INFO	====> Epoch: 169
2022-12-23 06:36:53,443	nyarumul	INFO	Train Epoch: 170 [23%]
2022-12-23 06:36:53,444	nyarumul	INFO	[2.3725571632385254, 2.73923921585083, 6.363691806793213, 21.72591781616211, 0.9610488414764404, 0.9926925897598267, 8800, 0.000195770103701499]
2022-12-23 06:37:37,291	nyarumul	INFO	====> Epoch: 170
2022-12-23 06:38:49,775	nyarumul	INFO	====> Epoch: 171
2022-12-23 06:40:02,182	nyarumul	INFO	====> Epoch: 172
2022-12-23 06:41:16,464	nyarumul	INFO	====> Epoch: 173
2022-12-23 06:41:39,108	nyarumul	INFO	Train Epoch: 174 [8%]
2022-12-23 06:41:39,108	nyarumul	INFO	[2.194655418395996, 2.7903339862823486, 6.554654598236084, 22.424968719482422, 0.9615599513053894, 0.8839037418365479, 9000, 0.00019567223700156603]
2022-12-23 06:42:29,071	nyarumul	INFO	====> Epoch: 174
2022-12-23 06:43:42,125	nyarumul	INFO	====> Epoch: 175
2022-12-23 06:44:55,080	nyarumul	INFO	====> Epoch: 176
2022-12-23 06:46:01,524	nyarumul	INFO	Train Epoch: 177 [92%]
2022-12-23 06:46:01,525	nyarumul	INFO	[2.484431743621826, 2.7875144481658936, 6.223369121551514, 21.736730575561523, 0.9801896810531616, 0.7653895616531372, 9200, 0.00019559886908444434]
2022-12-23 06:46:08,713	nyarumul	INFO	====> Epoch: 177
2022-12-23 06:47:21,864	nyarumul	INFO	====> Epoch: 178
2022-12-23 06:48:34,620	nyarumul	INFO	====> Epoch: 179
2022-12-23 06:49:47,659	nyarumul	INFO	====> Epoch: 180
2022-12-23 06:50:46,942	nyarumul	INFO	Train Epoch: 181 [77%]
2022-12-23 06:50:46,943	nyarumul	INFO	[2.2176194190979004, 2.570755958557129, 6.258879661560059, 22.327829360961914, 0.9699729084968567, 1.3660274744033813, 9400, 0.000195501087985768]
2022-12-23 06:51:00,710	nyarumul	INFO	====> Epoch: 181
2022-12-23 06:52:12,730	nyarumul	INFO	====> Epoch: 182
2022-12-23 06:53:26,651	nyarumul	INFO	====> Epoch: 183
2022-12-23 06:54:39,008	nyarumul	INFO	====> Epoch: 184
2022-12-23 06:55:30,817	nyarumul	INFO	Train Epoch: 185 [62%]
2022-12-23 06:55:30,817	nyarumul	INFO	[2.229254722595215, 2.4008355140686035, 5.930339336395264, 21.16595458984375, 0.9601325392723083, 0.7594858407974243, 9600, 0.0001954033557684748]
2022-12-23 06:55:52,837	nyarumul	INFO	====> Epoch: 185
2022-12-23 06:57:05,350	nyarumul	INFO	====> Epoch: 186
2022-12-23 06:58:17,624	nyarumul	INFO	====> Epoch: 187
2022-12-23 06:59:33,675	nyarumul	INFO	====> Epoch: 188
2022-12-23 07:00:17,492	nyarumul	INFO	Train Epoch: 189 [46%]
2022-12-23 07:00:17,492	nyarumul	INFO	[2.3058207035064697, 2.6601526737213135, 5.7912750244140625, 21.838897705078125, 0.9659914970397949, 0.8169816136360168, 9800, 0.00019530567240812858]
2022-12-23 07:00:47,758	nyarumul	INFO	====> Epoch: 189
2022-12-23 07:02:01,273	nyarumul	INFO	====> Epoch: 190
2022-12-23 07:03:13,511	nyarumul	INFO	====> Epoch: 191
2022-12-23 07:04:27,220	nyarumul	INFO	====> Epoch: 192
2022-12-23 07:05:03,943	nyarumul	INFO	Train Epoch: 193 [31%]
2022-12-23 07:05:03,944	nyarumul	INFO	[1.875748872756958, 3.1007142066955566, 7.271177768707275, 22.460453033447266, 0.9816852807998657, 1.0996750593185425, 10000, 0.0001952080378803055]
2022-12-23 07:05:24,491	nyarumul	INFO	Saving model and optimizer state at iteration 193 to /content/drive/MyDrive/nyarumul/G_10000.pth
2022-12-23 07:05:27,235	nyarumul	INFO	Saving model and optimizer state at iteration 193 to /content/drive/MyDrive/nyarumul/D_10000.pth
2022-12-23 07:06:09,990	nyarumul	INFO	====> Epoch: 193
2022-12-23 07:07:23,727	nyarumul	INFO	====> Epoch: 194
2022-12-23 07:08:40,426	nyarumul	INFO	====> Epoch: 195
2022-12-23 07:09:54,508	nyarumul	INFO	====> Epoch: 196
2022-12-23 07:10:22,171	nyarumul	INFO	Train Epoch: 197 [15%]
2022-12-23 07:10:22,172	nyarumul	INFO	[2.3852052688598633, 2.637035369873047, 5.919620513916016, 21.432153701782227, 0.9749788045883179, 0.8947478532791138, 10200, 0.00019511045216059385]
2022-12-23 07:11:09,540	nyarumul	INFO	====> Epoch: 197
2022-12-23 07:12:22,592	nyarumul	INFO	====> Epoch: 198
2022-12-23 07:13:36,439	nyarumul	INFO	====> Epoch: 199
2022-12-23 07:14:52,233	nyarumul	INFO	====> Epoch: 200
2022-12-23 07:15:11,875	nyarumul	INFO	Train Epoch: 201 [0%]
2022-12-23 07:15:11,875	nyarumul	INFO	[2.2811453342437744, 2.533935785293579, 6.473402976989746, 23.105619430541992, 0.9902653098106384, 0.9881977438926697, 10400, 0.00019501291522459419]
2022-12-23 07:16:05,962	nyarumul	INFO	====> Epoch: 201
2022-12-23 07:17:19,760	nyarumul	INFO	====> Epoch: 202
2022-12-23 07:18:34,888	nyarumul	INFO	====> Epoch: 203
2022-12-23 07:19:39,960	nyarumul	INFO	Train Epoch: 204 [85%]
2022-12-23 07:19:39,961	nyarumul	INFO	[2.261030673980713, 2.8913536071777344, 5.477588176727295, 19.482877731323242, 0.9444283843040466, 1.0168275833129883, 10600, 0.00019493979452223445]
2022-12-23 07:19:50,488	nyarumul	INFO	====> Epoch: 204
2022-12-23 07:21:07,541	nyarumul	INFO	====> Epoch: 205
2022-12-23 07:22:22,835	nyarumul	INFO	====> Epoch: 206
2022-12-23 07:23:39,189	nyarumul	INFO	====> Epoch: 207
2022-12-23 07:24:35,538	nyarumul	INFO	Train Epoch: 208 [69%]
2022-12-23 07:24:35,538	nyarumul	INFO	[2.313615560531616, 2.4304983615875244, 6.46405029296875, 21.498695373535156, 0.959352433681488, 1.0642064809799194, 10800, 0.0001948423428990561]
2022-12-23 07:24:54,783	nyarumul	INFO	====> Epoch: 208
2022-12-23 07:26:10,365	nyarumul	INFO	====> Epoch: 209
2022-12-23 07:27:25,635	nyarumul	INFO	====> Epoch: 210
2022-12-23 07:28:39,927	nyarumul	INFO	====> Epoch: 211
2022-12-23 07:29:28,968	nyarumul	INFO	Train Epoch: 212 [54%]
2022-12-23 07:29:28,969	nyarumul	INFO	[2.3166277408599854, 2.6552910804748535, 6.390904426574707, 22.185894012451172, 0.9635255336761475, 0.8932442665100098, 11000, 0.000194744939992554]
2022-12-23 07:29:55,586	nyarumul	INFO	====> Epoch: 212
2022-12-23 07:31:09,162	nyarumul	INFO	====> Epoch: 213
2022-12-23 07:32:22,882	nyarumul	INFO	====> Epoch: 214
2022-12-23 07:33:35,271	nyarumul	INFO	====> Epoch: 215
2022-12-23 07:34:15,300	nyarumul	INFO	Train Epoch: 216 [38%]
2022-12-23 07:34:15,301	nyarumul	INFO	[2.2122855186462402, 2.652418851852417, 5.949382305145264, 21.550556182861328, 0.9626016616821289, 0.9287020564079285, 11200, 0.00019464758577837445]
2022-12-23 07:34:48,343	nyarumul	INFO	====> Epoch: 216
2022-12-23 07:36:00,997	nyarumul	INFO	====> Epoch: 217
2022-12-23 07:37:14,693	nyarumul	INFO	====> Epoch: 218
2022-12-23 07:38:30,295	nyarumul	INFO	====> Epoch: 219
2022-12-23 07:39:03,629	nyarumul	INFO	Train Epoch: 220 [23%]
2022-12-23 07:39:03,630	nyarumul	INFO	[2.2914798259735107, 2.476001739501953, 6.250109672546387, 21.249101638793945, 0.9729515314102173, 0.9004814624786377, 11400, 0.00019455028023217577]
2022-12-23 07:39:45,931	nyarumul	INFO	====> Epoch: 220
2022-12-23 07:40:59,156	nyarumul	INFO	====> Epoch: 221
2022-12-23 07:42:12,958	nyarumul	INFO	====> Epoch: 222
2022-12-23 07:43:26,981	nyarumul	INFO	====> Epoch: 223
2022-12-23 07:43:50,294	nyarumul	INFO	Train Epoch: 224 [8%]
2022-12-23 07:43:50,294	nyarumul	INFO	[2.2175166606903076, 2.4989638328552246, 6.344412803649902, 22.13861656188965, 0.9559261202812195, 0.9258962273597717, 11600, 0.00019445302332962857]
2022-12-23 07:44:41,293	nyarumul	INFO	====> Epoch: 224
2022-12-23 07:45:54,076	nyarumul	INFO	====> Epoch: 225
2022-12-23 07:47:06,743	nyarumul	INFO	====> Epoch: 226
2022-12-23 07:48:15,675	nyarumul	INFO	Train Epoch: 227 [92%]
2022-12-23 07:48:15,676	nyarumul	INFO	[2.0430641174316406, 2.96897292137146, 6.5941314697265625, 19.439706802368164, 0.9687047600746155, 0.8777263164520264, 11800, 0.00019438011256048564]
2022-12-23 07:48:22,019	nyarumul	INFO	====> Epoch: 227
2022-12-23 07:49:36,038	nyarumul	INFO	====> Epoch: 228
2022-12-23 07:50:50,525	nyarumul	INFO	====> Epoch: 229
2022-12-23 07:52:04,249	nyarumul	INFO	====> Epoch: 230
2022-12-23 07:53:04,538	nyarumul	INFO	Train Epoch: 231 [77%]
2022-12-23 07:53:04,539	nyarumul	INFO	[2.051058769226074, 2.725285530090332, 5.691365718841553, 19.724794387817383, 0.969768226146698, 0.9587169885635376, 12000, 0.00019428294072582235]
2022-12-23 07:53:27,540	nyarumul	INFO	Saving model and optimizer state at iteration 231 to /content/drive/MyDrive/nyarumul/G_12000.pth
2022-12-23 07:53:30,446	nyarumul	INFO	Saving model and optimizer state at iteration 231 to /content/drive/MyDrive/nyarumul/D_12000.pth
2022-12-23 07:53:50,077	nyarumul	INFO	====> Epoch: 231
2022-12-23 07:55:07,780	nyarumul	INFO	====> Epoch: 232
2022-12-23 07:56:23,484	nyarumul	INFO	====> Epoch: 233
2022-12-23 07:57:41,501	nyarumul	INFO	====> Epoch: 234
2022-12-23 07:58:33,756	nyarumul	INFO	Train Epoch: 235 [62%]
2022-12-23 07:58:33,756	nyarumul	INFO	[2.0210628509521484, 2.903441905975342, 5.962795734405518, 20.22764778137207, 0.966009795665741, 0.9116562008857727, 12200, 0.0001941858174679673]
2022-12-23 07:58:56,613	nyarumul	INFO	====> Epoch: 235
2022-12-23 08:00:12,216	nyarumul	INFO	====> Epoch: 236
2022-12-23 08:01:27,039	nyarumul	INFO	====> Epoch: 237
2022-12-23 08:02:42,018	nyarumul	INFO	====> Epoch: 238
2022-12-23 08:03:26,051	nyarumul	INFO	Train Epoch: 239 [46%]
2022-12-23 08:03:26,051	nyarumul	INFO	[2.204267740249634, 2.674687385559082, 6.492027759552002, 20.556528091430664, 0.9498154520988464, 0.822733461856842, 12400, 0.00019408874276263664]
2022-12-23 08:03:56,247	nyarumul	INFO	====> Epoch: 239
2022-12-23 08:05:08,524	nyarumul	INFO	====> Epoch: 240
2022-12-23 08:06:22,665	nyarumul	INFO	====> Epoch: 241
2022-12-23 08:07:34,877	nyarumul	INFO	====> Epoch: 242
2022-12-23 08:08:09,209	nyarumul	INFO	Train Epoch: 243 [31%]
2022-12-23 08:08:09,210	nyarumul	INFO	[2.041592597961426, 2.702177047729492, 6.7308878898620605, 20.822513580322266, 0.9561243057250977, 0.9405773878097534, 12600, 0.00019399171658555865]
2022-12-23 08:08:48,359	nyarumul	INFO	====> Epoch: 243
2022-12-23 08:10:00,666	nyarumul	INFO	====> Epoch: 244
2022-12-23 08:11:12,976	nyarumul	INFO	====> Epoch: 245
2022-12-23 08:12:26,862	nyarumul	INFO	====> Epoch: 246
2022-12-23 08:12:54,095	nyarumul	INFO	Train Epoch: 247 [15%]
2022-12-23 08:12:54,095	nyarumul	INFO	[2.3096210956573486, 2.5261669158935547, 6.039334774017334, 21.14021110534668, 0.9631395936012268, 0.9623125195503235, 12800, 0.00019389473891247375]
2022-12-23 08:13:39,475	nyarumul	INFO	====> Epoch: 247
2022-12-23 08:14:52,415	nyarumul	INFO	====> Epoch: 248
2022-12-23 08:16:04,758	nyarumul	INFO	====> Epoch: 249
2022-12-23 08:17:16,996	nyarumul	INFO	====> Epoch: 250
2022-12-23 08:17:37,857	nyarumul	INFO	Train Epoch: 251 [0%]
2022-12-23 08:17:37,857	nyarumul	INFO	[2.1338441371917725, 2.8337011337280273, 5.751325607299805, 19.977384567260742, 0.9834572076797485, 0.6238909363746643, 13000, 0.0001937978097191345]
2022-12-23 08:18:31,232	nyarumul	INFO	====> Epoch: 251
2022-12-23 08:19:43,508	nyarumul	INFO	====> Epoch: 252
2022-12-23 08:20:56,413	nyarumul	INFO	====> Epoch: 253
2022-12-23 08:21:58,851	nyarumul	INFO	Train Epoch: 254 [85%]
2022-12-23 08:21:58,852	nyarumul	INFO	[2.2840375900268555, 2.5336172580718994, 6.584417819976807, 21.281259536743164, 0.9470347762107849, 1.0103706121444702, 13200, 0.0001937251446243836]
2022-12-23 08:22:09,363	nyarumul	INFO	====> Epoch: 254
2022-12-23 08:23:23,225	nyarumul	INFO	====> Epoch: 255
2022-12-23 08:24:36,294	nyarumul	INFO	====> Epoch: 256
2022-12-23 08:25:48,696	nyarumul	INFO	====> Epoch: 257
2022-12-23 08:26:43,578	nyarumul	INFO	Train Epoch: 258 [69%]
2022-12-23 08:26:43,578	nyarumul	INFO	[2.319179058074951, 2.6441707611083984, 6.295884609222412, 22.0362491607666, 0.9550641179084778, 0.8040435314178467, 13400, 0.00019362830021229025]
2022-12-23 08:27:02,105	nyarumul	INFO	====> Epoch: 258
2022-12-23 08:28:14,255	nyarumul	INFO	====> Epoch: 259
2022-12-23 08:29:27,434	nyarumul	INFO	====> Epoch: 260
2022-12-23 08:30:40,256	nyarumul	INFO	====> Epoch: 261
2022-12-23 08:31:27,332	nyarumul	INFO	Train Epoch: 262 [54%]
2022-12-23 08:31:27,332	nyarumul	INFO	[2.1261181831359863, 3.00126314163208, 6.713988780975342, 20.82858657836914, 0.9517016410827637, 0.9282830357551575, 13600, 0.00019353150421332454]
2022-12-23 08:31:53,625	nyarumul	INFO	====> Epoch: 262
2022-12-23 08:33:07,295	nyarumul	INFO	====> Epoch: 263
2022-12-23 08:34:20,217	nyarumul	INFO	====> Epoch: 264
2022-12-23 08:35:33,569	nyarumul	INFO	====> Epoch: 265
2022-12-23 08:36:13,372	nyarumul	INFO	Train Epoch: 266 [38%]
2022-12-23 08:36:13,373	nyarumul	INFO	[2.3316144943237305, 2.494271993637085, 5.8337602615356445, 19.75501251220703, 0.9499696493148804, 0.9444403052330017, 13800, 0.00019343475660328445]
2022-12-23 08:36:47,124	nyarumul	INFO	====> Epoch: 266
2022-12-23 08:37:59,681	nyarumul	INFO	====> Epoch: 267
2022-12-23 08:39:14,223	nyarumul	INFO	====> Epoch: 268
2022-12-23 08:40:26,573	nyarumul	INFO	====> Epoch: 269
2022-12-23 08:40:57,747	nyarumul	INFO	Train Epoch: 270 [23%]
2022-12-23 08:40:57,748	nyarumul	INFO	[2.13924503326416, 2.6306910514831543, 6.5585713386535645, 22.08897590637207, 0.965314507484436, 0.9703555107116699, 14000, 0.00019333805735798006]
2022-12-23 08:41:22,655	nyarumul	INFO	Saving model and optimizer state at iteration 270 to /content/drive/MyDrive/nyarumul/G_14000.pth
2022-12-23 08:41:25,645	nyarumul	INFO	Saving model and optimizer state at iteration 270 to /content/drive/MyDrive/nyarumul/D_14000.pth
2022-12-23 08:42:11,611	nyarumul	INFO	====> Epoch: 270
2022-12-23 08:43:24,852	nyarumul	INFO	====> Epoch: 271
2022-12-23 08:44:38,033	nyarumul	INFO	====> Epoch: 272
2022-12-23 08:45:50,677	nyarumul	INFO	====> Epoch: 273
2022-12-23 08:46:14,598	nyarumul	INFO	Train Epoch: 274 [8%]
2022-12-23 08:46:14,599	nyarumul	INFO	[2.2445173263549805, 2.6886093616485596, 6.432563304901123, 22.21491813659668, 0.9563171863555908, 0.9290450215339661, 14200, 0.0001932414064532335]
2022-12-23 08:47:04,775	nyarumul	INFO	====> Epoch: 274
2022-12-23 08:48:17,146	nyarumul	INFO	====> Epoch: 275
2022-12-23 08:49:30,449	nyarumul	INFO	====> Epoch: 276
2022-12-23 08:50:37,762	nyarumul	INFO	Train Epoch: 277 [92%]
2022-12-23 08:50:37,762	nyarumul	INFO	[2.3866982460021973, 2.6230692863464355, 6.571249961853027, 21.594924926757812, 0.9590319395065308, 0.6334355473518372, 14400, 0.00019316894998362705]
2022-12-23 08:50:43,969	nyarumul	INFO	====> Epoch: 277
2022-12-23 08:51:56,264	nyarumul	INFO	====> Epoch: 278
2022-12-23 08:53:08,701	nyarumul	INFO	====> Epoch: 279
2022-12-23 08:54:20,616	nyarumul	INFO	====> Epoch: 280
2022-12-23 08:55:19,156	nyarumul	INFO	Train Epoch: 281 [77%]
2022-12-23 08:55:19,157	nyarumul	INFO	[2.2595701217651367, 2.649091958999634, 6.529748916625977, 22.11420249938965, 0.9407440423965454, 0.8331728577613831, 14600, 0.00019307238361671516]
2022-12-23 08:55:33,358	nyarumul	INFO	====> Epoch: 281
2022-12-23 08:56:46,144	nyarumul	INFO	====> Epoch: 282
2022-12-23 08:57:57,988	nyarumul	INFO	====> Epoch: 283
2022-12-23 08:59:10,731	nyarumul	INFO	====> Epoch: 284
2022-12-23 09:00:01,677	nyarumul	INFO	Train Epoch: 285 [62%]
2022-12-23 09:00:01,678	nyarumul	INFO	[2.056429147720337, 2.643610715866089, 6.134906768798828, 20.891910552978516, 0.9404388666152954, 0.8075042366981506, 14800, 0.0001929758655239344]
2022-12-23 09:00:24,363	nyarumul	INFO	====> Epoch: 285
